2025-11-05 16:01:03,743 | INFO | \U0001f4c2 Рабочая директория: ./files
2025-11-05 16:01:03,766 | INFO | \U0001f916 Бот запущен
2025-11-05 16:01:03,766 | INFO | \U0001f50d Мониторинг файлов активен
2025-11-05 16:01:03,766 | INFO | \U0001f680 Мониторинг подписок запущен...
2025-11-05 16:01:03,767 | INFO | Start polling
2025-11-05 16:01:03,776 | WARNING | Папка задания не найдена: ./files\355 ЖК Культура. Этап 1\РД\Задание КЖ
2025-11-05 16:01:03,776 | WARNING | Папка задания не найдена: ./files\190 Империал 2 очередь\BIM\190_РФ_О2_Л3.1_R22.rvt
2025-11-05 16:01:03,776 | WARNING | Папка задания не найдена: ./files\190 Империал 2 очередь\РД\Задание АР
2025-11-05 16:01:03,776 | WARNING | Папка задания не найдена: ./files\355 ЖК Культура. Этап 1\РД\Задание АР
2025-11-05 16:01:03,777 | WARNING | Папка задания не найдена: ./files\355 ЖК Культура. Этап 1\РД\Задание СС
2025-11-05 16:01:03,777 | WARNING | Папка задания не найдена: ./files\355 ЖК Культура. Этап 1\РД\Задание АР
2025-11-05 16:01:03,777 | WARNING | Папка задания не найдена: ./files\355 ЖК Культура. Этап 1\РД\Задание КЖ
2025-11-05 16:01:03,777 | WARNING | Папка задания не найдена: ./files\355 ЖК Культура. Этап 1\РД\Задание КЖ
2025-11-05 16:01:03,777 | WARNING | Папка задания не найдена: ./files\290-292 Республика 2 литер 1.1, 1.2, 1.3\ПД\Задание АР
2025-11-05 16:01:03,777 | WARNING | Папка задания не найдена: ./files\206 Прогресс 1 очередь\РД\Задание АР
2025-11-05 16:01:03,777 | WARNING | Папка задания не найдена: ./files\206 Прогресс 1 очередь\РД\Задание АР
2025-11-05 16:01:03,777 | WARNING | Папка задания не найдена: ./files\206 Прогресс 1 очередь\РД\Задание АР
2025-11-05 16:01:03,777 | WARNING | Папка задания не найдена: ./files\190 Империал 2 очередь\РД\Задание АР
2025-11-05 16:01:03,777 | WARNING | Папка задания не найдена: ./files\190 Империал 2 очередь\РД\Задание ОВ
2025-11-05 16:01:03,777 | WARNING | Папка задания не найдена: ./files\290-292 Республика 2 литер 1.1, 1.2, 1.3\ПД\Задание АР
2025-11-05 16:01:03,777 | WARNING | Папка задания не найдена: ./files\206 Прогресс 1 очередь\РД\Задание ОВ
2025-11-05 16:01:03,778 | WARNING | Папка задания не найдена: ./files\290-292 Республика 2 литер 1.1, 1.2, 1.3\ПД\Задание АР
2025-11-05 16:01:03,778 | WARNING | Папка задания не найдена: ./files\355 ЖК Культура. Этап 1\РД\Задание КЖ
2025-11-05 16:01:03,778 | WARNING | Папка задания не найдена: ./files\355 ЖК Культура. Этап 1\РД\Задание АР
2025-11-05 16:01:03,778 | WARNING | Папка задания не найдена: ./files\302 Республика 2 литер 2\РД\Задание АР
2025-11-05 16:01:03,778 | WARNING | Папка задания не найдена: ./files\355 ЖК Культура. Этап 1\РД\Задание КЖ
2025-11-05 16:01:03,778 | WARNING | Папка задания не найдена: ./files\355 ЖК Культура. Этап 1\РД\Задание ВК
2025-11-05 16:01:03,778 | WARNING | Папка задания не найдена: ./files\206 Прогресс 1 очередь\РД\Задание АР
2025-11-05 16:01:03,778 | WARNING | Папка задания не найдена: ./files\206 Прогресс 1 очередь\РД\Задание ВК
2025-11-05 16:01:03,778 | WARNING | Папка задания не найдена: ./files\355 ЖК Культура. Этап 1\РД\Задание КЖ
2025-11-05 16:01:03,778 | WARNING | Папка задания не найдена: ./files\355 ЖК Культура. Этап 1\РД\Задание ВК
2025-11-05 16:01:03,778 | WARNING | Папка задания не найдена: ./files\355 ЖК Культура. Этап 1\РД\Задание ОВ
2025-11-05 16:01:03,778 | WARNING | Папка задания не найдена: ./files\190 Империал 2 очередь\РД\Задание ВК
2025-11-05 16:01:03,778 | WARNING | Папка задания не найдена: ./files\190 Империал 2 очередь\РД\Задание ОВ
2025-11-05 16:01:03,778 | WARNING | Папка задания не найдена: ./files\355 ЖК Культура. Этап 1\РД\Задание ОВ
2025-11-05 16:01:03,778 | WARNING | Папка задания не найдена: ./files\190 Империал 2 очередь\РД\Задание ВК
2025-11-05 16:01:03,778 | WARNING | Папка задания не найдена: ./files\355 ЖК Культура. Этап 1\РД\Задание КЖ
2025-11-05 16:01:03,779 | WARNING | Папка задания не найдена: ./files\355 ЖК Культура. Этап 1\РД\Задание КЖ
2025-11-05 16:01:03,779 | WARNING | Папка задания не найдена: ./files\355 ЖК Культура. Этап 1\РД\Задание АР
2025-11-05 16:01:03,779 | WARNING | Папка задания не найдена: ./files\355 ЖК Культура. Этап 1\РД\Задание ВК
2025-11-05 16:01:03,779 | WARNING | Папка задания не найдена: ./files\355 ЖК Культура. Этап 1\РД\Задание КЖ
2025-11-05 16:01:03,779 | WARNING | Папка задания не найдена: ./files\355 ЖК Культура. Этап 1\РД\Задание АР
2025-11-05 16:01:03,779 | WARNING | Папка задания не найдена: ./files\296 Республика 2 литер 3\РД\Задание АР
2025-11-05 16:01:03,779 | WARNING | Папка задания не найдена: ./files\302 Республика 2 литер 2\РД\Задание АР
2025-11-05 16:01:03,779 | WARNING | Папка задания не найдена: ./files\355 ЖК Культура. Этап 1\РД\Задание ОВ
2025-11-05 16:01:03,779 | WARNING | Папка задания не найдена: ./files\355 ЖК Культура. Этап 1\РД\Задание АПТ
2025-11-05 16:01:03,779 | WARNING | Папка задания не найдена: ./files\206 Прогресс 1 очередь\РД\Задание АР
2025-11-05 16:01:03,779 | WARNING | Папка задания не найдена: ./files\206 Прогресс 1 очередь\РД\Задание ВК
2025-11-05 16:01:03,779 | WARNING | Папка задания не найдена: ./files\206 Прогресс 1 очередь\РД\Задание КЖ
2025-11-05 16:01:03,779 | WARNING | Папка задания не найдена: ./files\206 Прогресс 1 очередь\РД\Задание ОВ
2025-11-05 16:01:03,779 | WARNING | Папка задания не найдена: ./files\206 Прогресс 1 очередь\РД\Задание ОВ
2025-11-05 16:01:03,780 | WARNING | Папка задания не найдена: ./files\190 Империал 2 очередь\РД\Задание АР
2025-11-05 16:01:03,780 | WARNING | Папка задания не найдена: ./files\206 Прогресс 1 очередь\РД\Задание ОВ
2025-11-05 16:01:04,023 | INFO | Run polling for bot @tt_tim_test_bot id=8244833846 - 'tt-test'
2025-11-05 16:01:10,239 | INFO | Update id=185635047 is handled. Duration 702 ms by bot id=8244833846
2025-11-05 16:01:25,906 | INFO | \U0001f6d1 Начинается корректное завершение работы...
2025-11-05 16:01:25,906 | INFO | Polling stopped
2025-11-05 16:01:25,906 | INFO | Polling stopped for bot @tt_tim_test_bot id=8244833846 - 'tt-test'
2025-11-05 16:01:25,906 | INFO | \U0001f6d1 Мониторинг остановлен.
2025-11-05 16:01:26,150 | INFO | \U0001f50c Сессия бота закрыта
2025-11-05 16:01:26,150 | INFO | \U0001f50c Сессия бота закрыта
2025-11-05 16:01:26,150 | INFO | \U0001f44b Бот остановлен. До новых встреч!
2025-11-05 16:01:26,151 | INFO | \U0001f6d1 Бот остановлен вручную
2025-11-05 16:01:29,470 | INFO | \U0001f4c2 Рабочая директория: ./files
2025-11-05 16:01:29,492 | INFO | \U0001f916 Бот запущен
2025-11-05 16:01:29,492 | INFO | \U0001f50d Мониторинг файлов активен
2025-11-05 16:01:29,492 | INFO | \U0001f680 Мониторинг подписок запущен...
2025-11-05 16:01:29,493 | INFO | Start polling
2025-11-05 16:01:29,501 | WARNING | Папка задания не найдена: ./files\355 ЖК Культура. Этап 1\РД\Задание КЖ
2025-11-05 16:01:29,502 | WARNING | Папка задания не найдена: ./files\190 Империал 2 очередь\BIM\190_РФ_О2_Л3.1_R22.rvt
2025-11-05 16:01:29,502 | WARNING | Папка задания не найдена: ./files\190 Империал 2 очередь\РД\Задание АР
2025-11-05 16:01:29,502 | WARNING | Папка задания не найдена: ./files\355 ЖК Культура. Этап 1\РД\Задание АР
2025-11-05 16:01:29,502 | WARNING | Папка задания не найдена: ./files\355 ЖК Культура. Этап 1\РД\Задание СС
2025-11-05 16:01:29,502 | WARNING | Папка задания не найдена: ./files\355 ЖК Культура. Этап 1\РД\Задание АР
2025-11-05 16:01:29,502 | WARNING | Папка задания не найдена: ./files\355 ЖК Культура. Этап 1\РД\Задание КЖ
2025-11-05 16:01:29,502 | WARNING | Папка задания не найдена: ./files\355 ЖК Культура. Этап 1\РД\Задание КЖ
2025-11-05 16:01:29,502 | WARNING | Папка задания не найдена: ./files\290-292 Республика 2 литер 1.1, 1.2, 1.3\ПД\Задание АР
2025-11-05 16:01:29,502 | WARNING | Папка задания не найдена: ./files\206 Прогресс 1 очередь\РД\Задание АР
2025-11-05 16:01:29,502 | WARNING | Папка задания не найдена: ./files\206 Прогресс 1 очередь\РД\Задание АР
2025-11-05 16:01:29,502 | WARNING | Папка задания не найдена: ./files\206 Прогресс 1 очередь\РД\Задание АР
2025-11-05 16:01:29,503 | WARNING | Папка задания не найдена: ./files\190 Империал 2 очередь\РД\Задание АР
2025-11-05 16:01:29,503 | WARNING | Папка задания не найдена: ./files\190 Империал 2 очередь\РД\Задание ОВ
2025-11-05 16:01:29,503 | WARNING | Папка задания не найдена: ./files\290-292 Республика 2 литер 1.1, 1.2, 1.3\ПД\Задание АР
2025-11-05 16:01:29,503 | WARNING | Папка задания не найдена: ./files\206 Прогресс 1 очередь\РД\Задание ОВ
2025-11-05 16:01:29,503 | WARNING | Папка задания не найдена: ./files\290-292 Республика 2 литер 1.1, 1.2, 1.3\ПД\Задание АР
2025-11-05 16:01:29,503 | WARNING | Папка задания не найдена: ./files\355 ЖК Культура. Этап 1\РД\Задание КЖ
2025-11-05 16:01:29,503 | WARNING | Папка задания не найдена: ./files\355 ЖК Культура. Этап 1\РД\Задание АР
2025-11-05 16:01:29,503 | WARNING | Папка задания не найдена: ./files\302 Республика 2 литер 2\РД\Задание АР
2025-11-05 16:01:29,503 | WARNING | Папка задания не найдена: ./files\355 ЖК Культура. Этап 1\РД\Задание КЖ
2025-11-05 16:01:29,503 | WARNING | Папка задания не найдена: ./files\355 ЖК Культура. Этап 1\РД\Задание ВК
2025-11-05 16:01:29,503 | WARNING | Папка задания не найдена: ./files\206 Прогресс 1 очередь\РД\Задание АР
2025-11-05 16:01:29,503 | WARNING | Папка задания не найдена: ./files\206 Прогресс 1 очередь\РД\Задание ВК
2025-11-05 16:01:29,503 | WARNING | Папка задания не найдена: ./files\355 ЖК Культура. Этап 1\РД\Задание КЖ
2025-11-05 16:01:29,503 | WARNING | Папка задания не найдена: ./files\355 ЖК Культура. Этап 1\РД\Задание ВК
2025-11-05 16:01:29,503 | WARNING | Папка задания не найдена: ./files\355 ЖК Культура. Этап 1\РД\Задание ОВ
2025-11-05 16:01:29,503 | WARNING | Папка задания не найдена: ./files\190 Империал 2 очередь\РД\Задание ВК
2025-11-05 16:01:29,504 | WARNING | Папка задания не найдена: ./files\190 Империал 2 очередь\РД\Задание ОВ
2025-11-05 16:01:29,504 | WARNING | Папка задания не найдена: ./files\355 ЖК Культура. Этап 1\РД\Задание ОВ
2025-11-05 16:01:29,504 | WARNING | Папка задания не найдена: ./files\190 Империал 2 очередь\РД\Задание ВК
2025-11-05 16:01:29,504 | WARNING | Папка задания не найдена: ./files\355 ЖК Культура. Этап 1\РД\Задание КЖ
2025-11-05 16:01:29,504 | WARNING | Папка задания не найдена: ./files\355 ЖК Культура. Этап 1\РД\Задание КЖ
2025-11-05 16:01:29,504 | WARNING | Папка задания не найдена: ./files\355 ЖК Культура. Этап 1\РД\Задание АР
2025-11-05 16:01:29,504 | WARNING | Папка задания не найдена: ./files\355 ЖК Культура. Этап 1\РД\Задание ВК
2025-11-05 16:01:29,504 | WARNING | Папка задания не найдена: ./files\355 ЖК Культура. Этап 1\РД\Задание КЖ
2025-11-05 16:01:29,504 | WARNING | Папка задания не найдена: ./files\355 ЖК Культура. Этап 1\РД\Задание АР
2025-11-05 16:01:29,504 | WARNING | Папка задания не найдена: ./files\296 Республика 2 литер 3\РД\Задание АР
2025-11-05 16:01:29,505 | WARNING | Папка задания не найдена: ./files\302 Республика 2 литер 2\РД\Задание АР
2025-11-05 16:01:29,505 | WARNING | Папка задания не найдена: ./files\355 ЖК Культура. Этап 1\РД\Задание ОВ
2025-11-05 16:01:29,505 | WARNING | Папка задания не найдена: ./files\355 ЖК Культура. Этап 1\РД\Задание АПТ
2025-11-05 16:01:29,505 | WARNING | Папка задания не найдена: ./files\206 Прогресс 1 очередь\РД\Задание АР
2025-11-05 16:01:29,505 | WARNING | Папка задания не найдена: ./files\206 Прогресс 1 очередь\РД\Задание ВК
2025-11-05 16:01:29,505 | WARNING | Папка задания не найдена: ./files\206 Прогресс 1 очередь\РД\Задание КЖ
2025-11-05 16:01:29,505 | WARNING | Папка задания не найдена: ./files\206 Прогресс 1 очередь\РД\Задание ОВ
2025-11-05 16:01:29,505 | WARNING | Папка задания не найдена: ./files\206 Прогресс 1 очередь\РД\Задание ОВ
2025-11-05 16:01:29,505 | WARNING | Папка задания не найдена: ./files\190 Империал 2 очередь\РД\Задание АР
2025-11-05 16:01:29,505 | WARNING | Папка задания не найдена: ./files\206 Прогресс 1 очередь\РД\Задание ОВ
2025-11-05 16:01:29,739 | INFO | Run polling for bot @tt_tim_test_bot id=8244833846 - 'tt-test'
2025-11-05 16:01:34,645 | INFO | Update id=185635048 is handled. Duration 531 ms by bot id=8244833846
2025-11-05 16:02:05,485 | INFO | \U0001f6d1 Начинается корректное завершение работы...
2025-11-05 16:02:05,485 | INFO | Polling stopped
2025-11-05 16:02:05,486 | INFO | Polling stopped for bot @tt_tim_test_bot id=8244833846 - 'tt-test'
2025-11-05 16:02:05,486 | INFO | \U0001f6d1 Мониторинг остановлен.
2025-11-05 16:02:05,742 | INFO | \U0001f50c Сессия бота закрыта
2025-11-05 16:02:05,742 | INFO | \U0001f50c Сессия бота закрыта
2025-11-05 16:02:05,742 | INFO | \U0001f44b Бот остановлен. До новых встреч!
2025-11-05 16:02:05,743 | INFO | \U0001f6d1 Бот остановлен вручную
